2024-08-09T09:18:23.112Z info: POST /employees
2024-08-09T09:18:41.717Z info: POST /login
2024-08-09T09:18:52.663Z info: POST /login
2024-08-09T09:18:53.593Z info: POST /login
2024-08-09T09:18:53.999Z info: POST /login
2024-08-09T09:19:02.451Z info: POST /register
2024-08-09T09:21:57.869Z info: POST /register
2024-08-09T09:22:27.006Z info: POST /auth/register
2024-08-09T09:22:39.343Z error: SyntaxError: Unexpected token } in JSON at position 54
    at JSON.parse (<anonymous>)
    at parse (/Users/trantienngoc/Documents/F/NodeJS Assignment/assignment_unit2/node_modules/body-parser/lib/types/json.js:92:19)
    at /Users/trantienngoc/Documents/F/NodeJS Assignment/assignment_unit2/node_modules/body-parser/lib/read.js:128:18
    at AsyncResource.runInAsyncScope (node:async_hooks:203:9)
    at invokeCallback (/Users/trantienngoc/Documents/F/NodeJS Assignment/assignment_unit2/node_modules/raw-body/index.js:238:16)
    at done (/Users/trantienngoc/Documents/F/NodeJS Assignment/assignment_unit2/node_modules/raw-body/index.js:227:7)
    at IncomingMessage.onEnd (/Users/trantienngoc/Documents/F/NodeJS Assignment/assignment_unit2/node_modules/raw-body/index.js:287:7)
    at IncomingMessage.emit (node:events:517:28)
    at endReadableNT (node:internal/streams/readable:1368:12)
    at process.processTicksAndRejections (node:internal/process/task_queues:82:21)
2024-08-09T09:22:43.659Z info: POST /auth/login
2024-08-09T09:22:50.193Z info: POST /auth/login
2024-08-09T09:22:51.020Z info: POST /auth/login
2024-08-09T09:23:04.755Z info: POST /auth/login
2024-08-09T09:23:12.052Z info: POST /auth/login
2024-08-09T09:23:12.543Z info: POST /auth/login
2024-08-09T09:24:12.031Z info: POST /auth/register
2024-08-09T09:24:22.866Z info: POST /auth/register
2024-08-09T09:24:30.930Z info: POST /auth/register
2024-08-09T09:24:36.573Z info: POST /auth/login
2024-08-09T09:26:15.091Z info: POST /employees
2024-08-09T09:26:38.343Z info: POST /logs/info.log
